<?xml version="1.0" encoding="UTF-8"?>
<!-- Generated by org.testng.reporters.JUnitReportReporter -->
<testsuite hostname="Akshay-Workplace" failures="0" tests="1" name="com.resonantiatechnologie.amazon.pom.testcases.AmazonRegistrationTestCases" time="178.187" errors="0" timestamp="01 Feb 2019 09:40:37 GMT" skipped="0">
  <testcase classname="com.resonantiatechnologie.amazon.pom.testcases.AmazonRegistrationTestCases" name="amazonRegistrationTest" time="178.187"/>
</testsuite> <!-- com.resonantiatechnologie.amazon.pom.testcases.AmazonRegistrationTestCases -->
