<?xml version="1.0" encoding="UTF-8"?>
<!-- Generated by org.testng.reporters.JUnitReportReporter -->
<testsuite hostname="Akshay-Workplace" failures="0" tests="1" name="com.resonantiatechnologie.amazon.pom.testcases.ShoppingCartTestCases" time="105.585" errors="0" timestamp="31 Jan 2019 10:48:22 GMT" skipped="0">
  <testcase classname="com.resonantiatechnologie.amazon.pom.testcases.ShoppingCartTestCases" name="test" time="105.585"/>
</testsuite> <!-- com.resonantiatechnologie.amazon.pom.testcases.ShoppingCartTestCases -->
