<?xml version="1.0" encoding="UTF-8"?>
<!-- Generated by org.testng.reporters.JUnitReportReporter -->
<testsuite hostname="Akshay-Workplace" failures="0" tests="1" name="com.resonantiatechnologie.amazon.pom.testcases.YourAccountTestCases" time="67.669" errors="0" timestamp="31 Jan 2019 14:33:34 GMT" skipped="0">
  <testcase classname="com.resonantiatechnologie.amazon.pom.testcases.YourAccountTestCases" name="test" time="67.669"/>
</testsuite> <!-- com.resonantiatechnologie.amazon.pom.testcases.YourAccountTestCases -->
